<?xml version="1.0" encoding="UTF-8"?>
<!-- Generated by org.testng.reporters.JUnitReportReporter -->
<testsuite skipped="0" hostname="DESKTOP-9RKPRPI" name="pune.com.org.MavenProject666.AlertPop" tests="1" failures="0" timestamp="27 Sep 2019 08:07:31 GMT" time="4.448" errors="0">
  <testcase name="f" time="4.448" classname="pune.com.org.MavenProject666.AlertPop"/>
</testsuite> <!-- pune.com.org.MavenProject666.AlertPop -->
