<?xml version="1.0" encoding="UTF-8"?>
<!-- Generated by org.testng.reporters.JUnitReportReporter -->
<testsuite skipped="0" hostname="DESKTOP-9RKPRPI" name="pune.com.org.MavenProject666.WindowHandle_Demo" tests="1" failures="0" timestamp="27 Sep 2019 08:36:07 GMT" time="11.159" errors="0">
  <testcase name="f" time="11.159" classname="pune.com.org.MavenProject666.WindowHandle_Demo"/>
</testsuite> <!-- pune.com.org.MavenProject666.WindowHandle_Demo -->
